Arguments: 
  C:\Program Files\nodejs\node.exe C:\Program Files (x86)\Yarn\bin\yarn.js add @babel/plugin-proposal-decorators

PATH: 
  C:\Program Files (x86)\Common Files\Oracle\Java\javapath;C:\Program Files (x86)\Intel\iCLS Client\;C:\Program Files\Intel\iCLS Client\;C:\Windows\system32;C:\Windows;C:\Windows\System32\Wbem;C:\Windows\System32\WindowsPowerShell\v1.0\;C:\Program Files (x86)\Intel\Intel(R) Management Engine Components\DAL;C:\Program Files\Intel\Intel(R) Management Engine Components\DAL;C:\Program Files (x86)\Intel\Intel(R) Management Engine Components\IPT;C:\Program Files\Intel\Intel(R) Management Engine Components\IPT;C:\Program Files (x86)\NVIDIA Corporation\PhysX\Common;C:\WINDOWS\system32;C:\WINDOWS;C:\WINDOWS\System32\Wbem;C:\WINDOWS\System32\WindowsPowerShell\v1.0\;D:\soft\nvm;C:\Program Files\nodejs;C:\WINDOWS\System32\OpenSSH\;D:\soft\java\bin;D:\soft\javajre\bin;D:\soft\Microsoft VS Code\bin;C:\Program Files (x86)\Yarn\bin\;D:\MongoDB\Server\4.0\bin;D:\mySql\bin;D:\soft\GnuWin32\bin;D:\soft\redis\;C:\Program Files\Intel\WiFi\bin\;C:\Program Files\Common Files\Intel\WirelessCommon\;D:\soft\nodejs\;C:\ProgramData\chocolatey\bin;C:\Users\赵安东\AppData\Local\Programs\Python\Python37\Scripts\;C:\Users\赵安东\AppData\Local\Programs\Python\Python37\;C:\Users\赵安东\AppData\Local\Microsoft\WindowsApps;C:\Users\赵安东\AppData\Local\atom\bin;C:\Users\赵安东\AppData\Local\Microsoft\WindowsApps;D:\soft\Microsoft VS Code2\bin;C:\Users\赵安东\AppData\Local\Yarn\bin;C:\Users\赵安东\AppData\Roaming\npm

Yarn version: 
  1.12.1

Node version: 
  10.14.2

Platform: 
  win32 x64

Trace: 
  Error: ENOENT: no such file or directory, copyfile 'C:\Users\赵安东\AppData\Local\Yarn\Cache\v3\npm-inherits-2.0.1-b17d08d326b4423e568eff719f91b0b1cbdf69f1\node_modules\inherits\inherits.js' -> 'D:\Front-end-project\es6\node_modules\assert\node_modules\inherits\inherits.js'

npm manifest: 
  {
    "name": "es6",
    "version": "1.0.0",
    "description": "",
    "main": "index.js",
    "scripts": {
      "test": "echo \"Error: no test specified\" && exit 1"
    },
    "keywords": [],
    "author": "",
    "license": "ISC",
    "devDependencies": {
      "babel-core": "^6.26.3",
      "babel-loader": "^7.1.4",
      "babel-plugin-transform-decorators-legacy": "^1.3.5",
      "babel-polyfill": "^6.26.0",
      "babel-preset-env": "^1.7.0",
      "babel-preset-es2015": "^6.24.1",
      "connect-livereload": "^0.6.0",
      "del": "^3.0.0",
      "gulp": "^3.9.1",
      "gulp-concat": "^2.6.1",
      "gulp-if": "^2.0.2",
      "gulp-live-server": "^0.0.31",
      "gulp-livereload": "^3.8.1",
      "gulp-plumber": "^1.2.0",
      "gulp-rename": "^1.2.3",
      "gulp-sequence": "^1.0.0",
      "gulp-uglify": "^3.0.0",
      "gulp-util": "^3.0.8",
      "jquery": "^3.3.1",
      "require-dir": "^1.0.0",
      "vinyl-named": "^1.1.0",
      "webpack": "^4.8.3",
      "webpack-stream": "^4.0.3",
      "yargs": "^11.0.0"
    },
    "dependencies": {
      "js-pinyin": "^0.1.9"
    }
  }

yarn manifest: 
  No manifest

Lockfile: 
  No lockfile
